<?xml version="1.0" encoding="UTF-8"?>
<!-- Generated by org.testng.reporters.JUnitXMLReporter -->
<testsuite ignored="0" hostname="Minal" failures="0" tests="3" name="BatchExecution" time="21.275" errors="0" timestamp="2025-03-05T11:53:26 IST">
  <testcase classname="testNGExecution.LaunchFaceBook" name="launchfaceBookTC" time="7.517"/>
  <testcase classname="testNGExecution.LaunchTwitter" name="launchtwitterTC" time="7.695"/>
  <testcase classname="testNGExecution.LaunchInstagram" name="launchinstagramTC" time="5.992"/>
</testsuite> <!-- BatchExecution -->
