<?xml version="1.0" encoding="UTF-8"?>
<!-- Generated by org.testng.reporters.JUnitXMLReporter -->
<testsuite ignored="1" hostname="Minal" failures="0" tests="2" name="groupExecution" time="11.835" errors="0" timestamp="2025-03-05T12:34:14 IST">
  <testcase classname="testNGExecution.LaunchTwitter" name="launchtwitterTC" time="5.962"/>
  <testcase classname="testNGExecution.LaunchInstagram" name="launchinstagramTC" time="5.809"/>
  <testcase classname="testNGExecution.LaunchFaceBook" name="launchfaceBookTC" time="0.0">
    <ignored/>
  </testcase> <!-- launchfaceBookTC -->
</testsuite> <!-- groupExecution -->
