<?xml version="1.0" encoding="UTF-8"?>
<!-- Generated by org.testng.reporters.JUnitXMLReporter -->
<testsuite ignored="0" hostname="Minal" failures="1" tests="1" name="Test" time="0.084" errors="0" timestamp="2025-03-07T10:40:57 IST">
  <testcase classname="testNGExecution.parameterization" name="parameterMethod" time="0.022">
    <failure type="java.lang.NullPointerException" message="Cannot invoke &amp;quot;org.openqa.selenium.WebDriver.manage()&amp;quot; because &amp;quot;driver&amp;quot; is null">
      <![CDATA[java.lang.NullPointerException: Cannot invoke "org.openqa.selenium.WebDriver.manage()" because "driver" is null
at testNGExecution.parameterization.parameterMethod(parameterization.java:34)
at java.base/java.util.ArrayList.forEach(ArrayList.java:1597)
... Removed 25 stack frames]]>
    </failure>
  </testcase> <!-- parameterMethod -->
</testsuite> <!-- Test -->
